<?xml version="1.0" encoding="UTF-8"?>
<testng-results ignored="3" total="11" passed="5" failed="3" skipped="0">
  <reporter-output>
  </reporter-output>
  <suite started-at="2022-04-25T14:20:14 ICT" name="Default suite" finished-at="2022-04-25T14:20:51 ICT" duration-ms="36799">
    <groups>
    </groups>
    <test started-at="2022-04-25T14:20:14 ICT" name="Default test" finished-at="2022-04-25T14:20:51 ICT" duration-ms="36799">
      <class name="ASM.testNG.Tests.VideoTest">
        <test-method is-config="true" signature="init()[pri:0, instance:ASM.testNG.Tests.VideoTest@3c9d0b9d]" started-at="2022-04-25T14:20:14 ICT" name="init" finished-at="2022-04-25T14:20:15 ICT" duration-ms="321" status="PASS">
          <reporter-output>
          </reporter-output>
        </test-method> <!-- init -->
        <test-method is-config="true" signature="setup()[pri:0, instance:ASM.testNG.Tests.VideoTest@3c9d0b9d]" started-at="2022-04-25T14:20:15 ICT" name="setup" finished-at="2022-04-25T14:20:18 ICT" duration-ms="3210" status="PASS">
          <reporter-output>
          </reporter-output>
        </test-method> <!-- setup -->
        <test-method signature="ThemmoiTest()[pri:0, instance:ASM.testNG.Tests.VideoTest@3c9d0b9d]" started-at="2022-04-25T14:20:18 ICT" name="ThemmoiTest" finished-at="2022-04-25T14:20:20 ICT" duration-ms="1714" status="PASS">
          <reporter-output>
          </reporter-output>
        </test-method> <!-- ThemmoiTest -->
        <test-method is-config="true" signature="tearDown(org.testng.ITestResult)[pri:0, instance:ASM.testNG.Tests.VideoTest@3c9d0b9d]" started-at="2022-04-25T14:20:20 ICT" name="tearDown" finished-at="2022-04-25T14:20:20 ICT" duration-ms="135" status="PASS">
          <params>
            <param index="0">
              <value>
                <![CDATA[[TestResult name=ThemmoiTest status=SUCCESS method=VideoTest.ThemmoiTest()[pri:0, instance:ASM.testNG.Tests.VideoTest@3c9d0b9d] output={null}]]]>
              </value>
            </param>
          </params>
          <reporter-output>
          </reporter-output>
        </test-method> <!-- tearDown -->
        <test-method is-config="true" signature="setup()[pri:0, instance:ASM.testNG.Tests.VideoTest@3c9d0b9d]" started-at="2022-04-25T14:20:21 ICT" name="setup" finished-at="2022-04-25T14:20:23 ICT" duration-ms="2395" status="PASS">
          <reporter-output>
          </reporter-output>
        </test-method> <!-- setup -->
        <test-method signature="CreateTests(java.lang.String,java.lang.String,java.lang.String,java.lang.String,java.lang.String,java.lang.String,java.lang.String)[pri:1, instance:ASM.testNG.Tests.VideoTest@3c9d0b9d]" started-at="2022-04-25T14:20:23 ICT" name="CreateTests" data-provider="createData" finished-at="2022-04-25T14:20:25 ICT" duration-ms="2084" status="PASS">
          <params>
            <param index="0">
              <value>
                <![CDATA[music001]]>
              </value>
            </param>
            <param index="1">
              <value>
                <![CDATA[]]>
              </value>
            </param>
            <param index="2">
              <value>
                <![CDATA[cjFFhgG1-RE]]>
              </value>
            </param>
            <param index="3">
              <value>
                <![CDATA[0]]>
              </value>
            </param>
            <param index="4">
              <value>
                <![CDATA[Nu cuoi that tuoi]]>
              </value>
            </param>
            <param index="5">
              <value>
                <![CDATA[0]]>
              </value>
            </param>
            <param index="6">
              <value>
                <![CDATA[http://localhost:8181/ASSM-Nhom/admin/video?action=create]]>
              </value>
            </param>
          </params>
          <reporter-output>
          </reporter-output>
        </test-method> <!-- CreateTests -->
        <test-method is-config="true" signature="tearDown(org.testng.ITestResult)[pri:0, instance:ASM.testNG.Tests.VideoTest@3c9d0b9d]" started-at="2022-04-25T14:20:25 ICT" name="tearDown" finished-at="2022-04-25T14:20:25 ICT" duration-ms="154" status="PASS">
          <params>
            <param index="0">
              <value>
                <![CDATA[[TestResult name=CreateTests status=SUCCESS method=VideoTest.CreateTests(java.lang.String,java.lang.String,java.lang.String,java.lang.String,java.lang.String,java.lang.String,java.lang.String)[pri:1, instance:ASM.testNG.Tests.VideoTest@3c9d0b9d] output={null}]]]>
              </value>
            </param>
          </params>
          <reporter-output>
          </reporter-output>
        </test-method> <!-- tearDown -->
        <test-method is-config="true" signature="setup()[pri:0, instance:ASM.testNG.Tests.VideoTest@3c9d0b9d]" started-at="2022-04-25T14:20:25 ICT" name="setup" finished-at="2022-04-25T14:20:27 ICT" duration-ms="2208" status="PASS">
          <reporter-output>
          </reporter-output>
        </test-method> <!-- setup -->
        <test-method signature="CreateTests(java.lang.String,java.lang.String,java.lang.String,java.lang.String,java.lang.String,java.lang.String,java.lang.String)[pri:1, instance:ASM.testNG.Tests.VideoTest@3c9d0b9d]" started-at="2022-04-25T14:20:27 ICT" name="CreateTests" data-provider="createData" finished-at="2022-04-25T14:20:30 ICT" duration-ms="2169" status="PASS">
          <params>
            <param index="0">
              <value>
                <![CDATA[]]>
              </value>
            </param>
            <param index="1">
              <value>
                <![CDATA[]]>
              </value>
            </param>
            <param index="2">
              <value>
                <![CDATA[]]>
              </value>
            </param>
            <param index="3">
              <value>
                <![CDATA[0]]>
              </value>
            </param>
            <param index="4">
              <value>
                <![CDATA[Nu cuoi that tuoi]]>
              </value>
            </param>
            <param index="5">
              <value>
                <![CDATA[1]]>
              </value>
            </param>
            <param index="6">
              <value>
                <![CDATA[http://localhost:8181/ASSM-Nhom/admin/video?action=create]]>
              </value>
            </param>
          </params>
          <reporter-output>
          </reporter-output>
        </test-method> <!-- CreateTests -->
        <test-method is-config="true" signature="tearDown(org.testng.ITestResult)[pri:0, instance:ASM.testNG.Tests.VideoTest@3c9d0b9d]" started-at="2022-04-25T14:20:30 ICT" name="tearDown" finished-at="2022-04-25T14:20:30 ICT" duration-ms="146" status="PASS">
          <params>
            <param index="0">
              <value>
                <![CDATA[[TestResult name=CreateTests status=SUCCESS method=VideoTest.CreateTests(java.lang.String,java.lang.String,java.lang.String,java.lang.String,java.lang.String,java.lang.String,java.lang.String)[pri:1, instance:ASM.testNG.Tests.VideoTest@3c9d0b9d] output={null}]]]>
              </value>
            </param>
          </params>
          <reporter-output>
          </reporter-output>
        </test-method> <!-- tearDown -->
        <test-method is-config="true" signature="setup()[pri:0, instance:ASM.testNG.Tests.VideoTest@3c9d0b9d]" started-at="2022-04-25T14:20:30 ICT" name="setup" finished-at="2022-04-25T14:20:32 ICT" duration-ms="2280" status="PASS">
          <reporter-output>
          </reporter-output>
        </test-method> <!-- setup -->
        <test-method signature="CreateTests(java.lang.String,java.lang.String,java.lang.String,java.lang.String,java.lang.String,java.lang.String,java.lang.String)[pri:1, instance:ASM.testNG.Tests.VideoTest@3c9d0b9d]" started-at="2022-04-25T14:20:32 ICT" name="CreateTests" data-provider="createData" finished-at="2022-04-25T14:20:35 ICT" duration-ms="2473" status="PASS">
          <params>
            <param index="0">
              <value>
                <![CDATA[music001]]>
              </value>
            </param>
            <param index="1">
              <value>
                <![CDATA[NU CUOI 18-20]]>
              </value>
            </param>
            <param index="2">
              <value>
                <![CDATA[cjFFhgG1-RE]]>
              </value>
            </param>
            <param index="3">
              <value>
                <![CDATA[100000]]>
              </value>
            </param>
            <param index="4">
              <value>
                <![CDATA[Nu cuoi that tuoi]]>
              </value>
            </param>
            <param index="5">
              <value>
                <![CDATA[1]]>
              </value>
            </param>
            <param index="6">
              <value>
                <![CDATA[http://localhost:8181/ASSM-Nhom/admin/video?action=view]]>
              </value>
            </param>
          </params>
          <reporter-output>
          </reporter-output>
        </test-method> <!-- CreateTests -->
        <test-method is-config="true" signature="tearDown(org.testng.ITestResult)[pri:0, instance:ASM.testNG.Tests.VideoTest@3c9d0b9d]" started-at="2022-04-25T14:20:35 ICT" name="tearDown" finished-at="2022-04-25T14:20:35 ICT" duration-ms="189" status="PASS">
          <params>
            <param index="0">
              <value>
                <![CDATA[[TestResult name=CreateTests status=SUCCESS method=VideoTest.CreateTests(java.lang.String,java.lang.String,java.lang.String,java.lang.String,java.lang.String,java.lang.String,java.lang.String)[pri:1, instance:ASM.testNG.Tests.VideoTest@3c9d0b9d] output={null}]]]>
              </value>
            </param>
          </params>
          <reporter-output>
          </reporter-output>
        </test-method> <!-- tearDown -->
        <test-method is-config="true" signature="setup()[pri:0, instance:ASM.testNG.Tests.VideoTest@3c9d0b9d]" started-at="2022-04-25T14:20:35 ICT" name="setup" finished-at="2022-04-25T14:20:37 ICT" duration-ms="2265" status="PASS">
          <reporter-output>
          </reporter-output>
        </test-method> <!-- setup -->
        <test-method signature="CreateTests(java.lang.String,java.lang.String,java.lang.String,java.lang.String,java.lang.String,java.lang.String,java.lang.String)[pri:1, instance:ASM.testNG.Tests.VideoTest@3c9d0b9d]" started-at="2022-04-25T14:20:37 ICT" name="CreateTests" data-provider="createData" finished-at="2022-04-25T14:20:40 ICT" duration-ms="2551" status="FAIL">
          <params>
            <param index="0">
              <value>
                <![CDATA[music001]]>
              </value>
            </param>
            <param index="1">
              <value>
                <![CDATA[Ngay ay ban va toi]]>
              </value>
            </param>
            <param index="2">
              <value>
                <![CDATA[aWNu0BHuHws]]>
              </value>
            </param>
            <param index="3">
              <value>
                <![CDATA[2000000]]>
              </value>
            </param>
            <param index="4">
              <value>
                <![CDATA[Gui 6 mieng dat iu dau cua mi]]>
              </value>
            </param>
            <param index="5">
              <value>
                <![CDATA[1]]>
              </value>
            </param>
            <param index="6">
              <value>
                <![CDATA[http://localhost:8181/ASSM-Nhom/admin/video?action=view]]>
              </value>
            </param>
          </params>
          <exception class="java.lang.AssertionError">
            <message>
              <![CDATA[expected [http://localhost:8181/ASSM-Nhom/admin/video?action=create] but found [http://localhost:8181/ASSM-Nhom/admin/video?action=view]]]>
            </message>
            <full-stacktrace>
              <![CDATA[java.lang.AssertionError: expected [http://localhost:8181/ASSM-Nhom/admin/video?action=create] but found [http://localhost:8181/ASSM-Nhom/admin/video?action=view]
at org.testng.Assert.fail(Assert.java:99)
at org.testng.Assert.failNotEquals(Assert.java:1037)
at org.testng.Assert.assertEqualsImpl(Assert.java:140)
at org.testng.Assert.assertEquals(Assert.java:122)
at org.testng.Assert.assertEquals(Assert.java:629)
at org.testng.Assert.assertEquals(Assert.java:639)
at ASM.testNG.Tests.VideoTest.CreateTests(VideoTest.java:342)
at java.base/jdk.internal.reflect.NativeMethodAccessorImpl.invoke0(Native Method)
at java.base/jdk.internal.reflect.NativeMethodAccessorImpl.invoke(NativeMethodAccessorImpl.java:78)
at java.base/jdk.internal.reflect.DelegatingMethodAccessorImpl.invoke(DelegatingMethodAccessorImpl.java:43)
at java.base/java.lang.reflect.Method.invoke(Method.java:567)
at org.testng.internal.MethodInvocationHelper.invokeMethod(MethodInvocationHelper.java:133)
at org.testng.internal.TestInvoker.invokeMethod(TestInvoker.java:598)
at org.testng.internal.TestInvoker.invokeTestMethod(TestInvoker.java:173)
at org.testng.internal.MethodRunner.runInSequence(MethodRunner.java:46)
at org.testng.internal.TestInvoker$MethodInvocationAgent.invoke(TestInvoker.java:824)
at org.testng.internal.TestInvoker.invokeTestMethods(TestInvoker.java:146)
at org.testng.internal.TestMethodWorker.invokeTestMethods(TestMethodWorker.java:146)
at org.testng.internal.TestMethodWorker.run(TestMethodWorker.java:128)
at java.base/java.util.ArrayList.forEach(ArrayList.java:1511)
at org.testng.TestRunner.privateRun(TestRunner.java:794)
at org.testng.TestRunner.run(TestRunner.java:596)
at org.testng.SuiteRunner.runTest(SuiteRunner.java:377)
at org.testng.SuiteRunner.runSequentially(SuiteRunner.java:371)
at org.testng.SuiteRunner.privateRun(SuiteRunner.java:332)
at org.testng.SuiteRunner.run(SuiteRunner.java:276)
at org.testng.SuiteRunnerWorker.runSuite(SuiteRunnerWorker.java:53)
at org.testng.SuiteRunnerWorker.run(SuiteRunnerWorker.java:96)
at org.testng.TestNG.runSuitesSequentially(TestNG.java:1212)
at org.testng.TestNG.runSuitesLocally(TestNG.java:1134)
at org.testng.TestNG.runSuites(TestNG.java:1063)
at org.testng.TestNG.run(TestNG.java:1031)
at org.testng.remote.AbstractRemoteTestNG.run(AbstractRemoteTestNG.java:115)
at org.testng.remote.RemoteTestNG.initAndRun(RemoteTestNG.java:251)
at org.testng.remote.RemoteTestNG.main(RemoteTestNG.java:77)
]]>
            </full-stacktrace>
          </exception> <!-- java.lang.AssertionError -->
          <reporter-output>
          </reporter-output>
        </test-method> <!-- CreateTests -->
        <test-method is-config="true" signature="tearDown(org.testng.ITestResult)[pri:0, instance:ASM.testNG.Tests.VideoTest@3c9d0b9d]" started-at="2022-04-25T14:20:40 ICT" name="tearDown" finished-at="2022-04-25T14:20:40 ICT" duration-ms="728" status="PASS">
          <params>
            <param index="0">
              <value>
                <![CDATA[[TestResult name=CreateTests status=FAILURE method=VideoTest.CreateTests(java.lang.String,java.lang.String,java.lang.String,java.lang.String,java.lang.String,java.lang.String,java.lang.String)[pri:1, instance:ASM.testNG.Tests.VideoTest@3c9d0b9d] output={null}]]]>
              </value>
            </param>
          </params>
          <reporter-output>
          </reporter-output>
        </test-method> <!-- tearDown -->
        <test-method is-config="true" signature="setup()[pri:0, instance:ASM.testNG.Tests.VideoTest@3c9d0b9d]" started-at="2022-04-25T14:20:40 ICT" name="setup" finished-at="2022-04-25T14:20:43 ICT" duration-ms="2353" status="PASS">
          <reporter-output>
          </reporter-output>
        </test-method> <!-- setup -->
        <test-method signature="CreateTests(java.lang.String,java.lang.String,java.lang.String,java.lang.String,java.lang.String,java.lang.String,java.lang.String)[pri:1, instance:ASM.testNG.Tests.VideoTest@3c9d0b9d]" started-at="2022-04-25T14:20:43 ICT" name="CreateTests" data-provider="createData" finished-at="2022-04-25T14:20:45 ICT" duration-ms="2843" status="PASS">
          <params>
            <param index="0">
              <value>
                <![CDATA[music002]]>
              </value>
            </param>
            <param index="1">
              <value>
                <![CDATA[Ngay ay ban va toi]]>
              </value>
            </param>
            <param index="2">
              <value>
                <![CDATA[aWNu0BHuHws]]>
              </value>
            </param>
            <param index="3">
              <value>
                <![CDATA[2000000]]>
              </value>
            </param>
            <param index="4">
              <value>
                <![CDATA[Gui 6 mieng dat iu dau cua mi]]>
              </value>
            </param>
            <param index="5">
              <value>
                <![CDATA[1]]>
              </value>
            </param>
            <param index="6">
              <value>
                <![CDATA[http://localhost:8181/ASSM-Nhom/admin/video?action=view]]>
              </value>
            </param>
          </params>
          <reporter-output>
          </reporter-output>
        </test-method> <!-- CreateTests -->
        <test-method is-config="true" signature="tearDown(org.testng.ITestResult)[pri:0, instance:ASM.testNG.Tests.VideoTest@3c9d0b9d]" started-at="2022-04-25T14:20:45 ICT" name="tearDown" finished-at="2022-04-25T14:20:46 ICT" duration-ms="155" status="PASS">
          <params>
            <param index="0">
              <value>
                <![CDATA[[TestResult name=CreateTests status=SUCCESS method=VideoTest.CreateTests(java.lang.String,java.lang.String,java.lang.String,java.lang.String,java.lang.String,java.lang.String,java.lang.String)[pri:1, instance:ASM.testNG.Tests.VideoTest@3c9d0b9d] output={null}]]]>
              </value>
            </param>
          </params>
          <reporter-output>
          </reporter-output>
        </test-method> <!-- tearDown -->
        <test-method is-config="true" signature="setup()[pri:0, instance:ASM.testNG.Tests.VideoTest@3c9d0b9d]" started-at="2022-04-25T14:20:46 ICT" name="setup" finished-at="2022-04-25T14:20:48 ICT" duration-ms="2407" status="PASS">
          <reporter-output>
          </reporter-output>
        </test-method> <!-- setup -->
        <test-method signature="CreateTests(java.lang.String,java.lang.String,java.lang.String,java.lang.String,java.lang.String,java.lang.String,java.lang.String)[pri:1, instance:ASM.testNG.Tests.VideoTest@3c9d0b9d]" started-at="2022-04-25T14:20:48 ICT" name="CreateTests" data-provider="createData" finished-at="2022-04-25T14:20:50 ICT" duration-ms="2269" status="FAIL">
          <params>
            <param index="0">
              <value>
                <![CDATA[]]>
              </value>
            </param>
            <param index="1">
              <value>
                <![CDATA[]]>
              </value>
            </param>
            <param index="2">
              <value>
                <![CDATA[]]>
              </value>
            </param>
            <param index="3">
              <value>
                <![CDATA[]]>
              </value>
            </param>
            <param index="4">
              <value>
                <![CDATA[]]>
              </value>
            </param>
            <param index="5">
              <value>
                <![CDATA[]]>
              </value>
            </param>
            <param index="6">
              <value>
                <![CDATA[]]>
              </value>
            </param>
          </params>
          <exception class="java.lang.NumberFormatException">
            <message>
              <![CDATA[For input string: ""]]>
            </message>
            <full-stacktrace>
              <![CDATA[java.lang.NumberFormatException: For input string: ""
at java.base/java.lang.NumberFormatException.forInputString(NumberFormatException.java:67)
at java.base/java.lang.Integer.parseInt(Integer.java:670)
at java.base/java.lang.Integer.parseInt(Integer.java:778)
at ASM.testNG.Tests.VideoTest.CreateTests(VideoTest.java:334)
at java.base/jdk.internal.reflect.NativeMethodAccessorImpl.invoke0(Native Method)
at java.base/jdk.internal.reflect.NativeMethodAccessorImpl.invoke(NativeMethodAccessorImpl.java:78)
at java.base/jdk.internal.reflect.DelegatingMethodAccessorImpl.invoke(DelegatingMethodAccessorImpl.java:43)
at java.base/java.lang.reflect.Method.invoke(Method.java:567)
at org.testng.internal.MethodInvocationHelper.invokeMethod(MethodInvocationHelper.java:133)
at org.testng.internal.TestInvoker.invokeMethod(TestInvoker.java:598)
at org.testng.internal.TestInvoker.invokeTestMethod(TestInvoker.java:173)
at org.testng.internal.MethodRunner.runInSequence(MethodRunner.java:46)
at org.testng.internal.TestInvoker$MethodInvocationAgent.invoke(TestInvoker.java:824)
at org.testng.internal.TestInvoker.invokeTestMethods(TestInvoker.java:146)
at org.testng.internal.TestMethodWorker.invokeTestMethods(TestMethodWorker.java:146)
at org.testng.internal.TestMethodWorker.run(TestMethodWorker.java:128)
at java.base/java.util.ArrayList.forEach(ArrayList.java:1511)
at org.testng.TestRunner.privateRun(TestRunner.java:794)
at org.testng.TestRunner.run(TestRunner.java:596)
at org.testng.SuiteRunner.runTest(SuiteRunner.java:377)
at org.testng.SuiteRunner.runSequentially(SuiteRunner.java:371)
at org.testng.SuiteRunner.privateRun(SuiteRunner.java:332)
at org.testng.SuiteRunner.run(SuiteRunner.java:276)
at org.testng.SuiteRunnerWorker.runSuite(SuiteRunnerWorker.java:53)
at org.testng.SuiteRunnerWorker.run(SuiteRunnerWorker.java:96)
at org.testng.TestNG.runSuitesSequentially(TestNG.java:1212)
at org.testng.TestNG.runSuitesLocally(TestNG.java:1134)
at org.testng.TestNG.runSuites(TestNG.java:1063)
at org.testng.TestNG.run(TestNG.java:1031)
at org.testng.remote.AbstractRemoteTestNG.run(AbstractRemoteTestNG.java:115)
at org.testng.remote.RemoteTestNG.initAndRun(RemoteTestNG.java:251)
at org.testng.remote.RemoteTestNG.main(RemoteTestNG.java:77)
]]>
            </full-stacktrace>
          </exception> <!-- java.lang.NumberFormatException -->
          <reporter-output>
          </reporter-output>
        </test-method> <!-- CreateTests -->
        <test-method is-config="true" signature="tearDown(org.testng.ITestResult)[pri:0, instance:ASM.testNG.Tests.VideoTest@3c9d0b9d]" started-at="2022-04-25T14:20:50 ICT" name="tearDown" finished-at="2022-04-25T14:20:51 ICT" duration-ms="683" status="PASS">
          <params>
            <param index="0">
              <value>
                <![CDATA[[TestResult name=CreateTests status=FAILURE method=VideoTest.CreateTests(java.lang.String,java.lang.String,java.lang.String,java.lang.String,java.lang.String,java.lang.String,java.lang.String)[pri:1, instance:ASM.testNG.Tests.VideoTest@3c9d0b9d] output={null}]]]>
              </value>
            </param>
          </params>
          <reporter-output>
          </reporter-output>
        </test-method> <!-- tearDown -->
        <test-method signature="UpdateTests(java.lang.String,java.lang.String,java.lang.String,java.lang.String,java.lang.String,java.lang.String,java.lang.String)[pri:2, instance:ASM.testNG.Tests.VideoTest@3c9d0b9d]" started-at="2022-04-25T14:20:51 ICT" name="UpdateTests" data-provider="updateData" finished-at="2022-04-25T14:20:51 ICT" duration-ms="60" status="FAIL">
          <exception class="org.testng.internal.reflect.MethodMatcherException">
            <message>
              <![CDATA[
[public void ASM.testNG.Tests.VideoTest.UpdateTests(java.lang.String,java.lang.String,java.lang.String,java.lang.String,java.lang.String,java.lang.String,java.lang.String) throws java.lang.InterruptedException] has no parameters defined but was found to be using a data provider (either explicitly specified or inherited from class level annotation).
Data provider mismatch
Method: UpdateTests([Parameter{index=0, type=java.lang.String, declaredAnnotations=[]}, Parameter{index=1, type=java.lang.String, declaredAnnotations=[]}, Parameter{index=2, type=java.lang.String, declaredAnnotations=[]}, Parameter{index=3, type=java.lang.String, declaredAnnotations=[]}, Parameter{index=4, type=java.lang.String, declaredAnnotations=[]}, Parameter{index=5, type=java.lang.String, declaredAnnotations=[]}, Parameter{index=6, type=java.lang.String, declaredAnnotations=[]}])
Arguments: [(java.lang.String) ,(java.lang.String) ,(java.lang.String) ,(java.lang.String) 0,(java.lang.String) ,(java.lang.String) 1,(java.lang.String) http://localhost:8181/ASSM-Nhom/admin/video?action=update,(java.lang.String) success]]]>
            </message>
            <full-stacktrace>
              <![CDATA[org.testng.internal.reflect.MethodMatcherException: 
[public void ASM.testNG.Tests.VideoTest.UpdateTests(java.lang.String,java.lang.String,java.lang.String,java.lang.String,java.lang.String,java.lang.String,java.lang.String) throws java.lang.InterruptedException] has no parameters defined but was found to be using a data provider (either explicitly specified or inherited from class level annotation).
Data provider mismatch
Method: UpdateTests([Parameter{index=0, type=java.lang.String, declaredAnnotations=[]}, Parameter{index=1, type=java.lang.String, declaredAnnotations=[]}, Parameter{index=2, type=java.lang.String, declaredAnnotations=[]}, Parameter{index=3, type=java.lang.String, declaredAnnotations=[]}, Parameter{index=4, type=java.lang.String, declaredAnnotations=[]}, Parameter{index=5, type=java.lang.String, declaredAnnotations=[]}, Parameter{index=6, type=java.lang.String, declaredAnnotations=[]}])
Arguments: [(java.lang.String) ,(java.lang.String) ,(java.lang.String) ,(java.lang.String) 0,(java.lang.String) ,(java.lang.String) 1,(java.lang.String) http://localhost:8181/ASSM-Nhom/admin/video?action=update,(java.lang.String) success]
at org.testng.internal.reflect.DataProviderMethodMatcher.getConformingArguments(DataProviderMethodMatcher.java:43)
at org.testng.internal.Parameters.injectParameters(Parameters.java:914)
at org.testng.internal.MethodRunner.runInSequence(MethodRunner.java:34)
at org.testng.internal.TestInvoker$MethodInvocationAgent.invoke(TestInvoker.java:824)
at org.testng.internal.TestInvoker.invokeTestMethods(TestInvoker.java:146)
at org.testng.internal.TestMethodWorker.invokeTestMethods(TestMethodWorker.java:146)
at org.testng.internal.TestMethodWorker.run(TestMethodWorker.java:128)
at java.base/java.util.ArrayList.forEach(ArrayList.java:1511)
at org.testng.TestRunner.privateRun(TestRunner.java:794)
at org.testng.TestRunner.run(TestRunner.java:596)
at org.testng.SuiteRunner.runTest(SuiteRunner.java:377)
at org.testng.SuiteRunner.runSequentially(SuiteRunner.java:371)
at org.testng.SuiteRunner.privateRun(SuiteRunner.java:332)
at org.testng.SuiteRunner.run(SuiteRunner.java:276)
at org.testng.SuiteRunnerWorker.runSuite(SuiteRunnerWorker.java:53)
at org.testng.SuiteRunnerWorker.run(SuiteRunnerWorker.java:96)
at org.testng.TestNG.runSuitesSequentially(TestNG.java:1212)
at org.testng.TestNG.runSuitesLocally(TestNG.java:1134)
at org.testng.TestNG.runSuites(TestNG.java:1063)
at org.testng.TestNG.run(TestNG.java:1031)
at org.testng.remote.AbstractRemoteTestNG.run(AbstractRemoteTestNG.java:115)
at org.testng.remote.RemoteTestNG.initAndRun(RemoteTestNG.java:251)
at org.testng.remote.RemoteTestNG.main(RemoteTestNG.java:77)
]]>
            </full-stacktrace>
          </exception> <!-- org.testng.internal.reflect.MethodMatcherException -->
          <reporter-output>
          </reporter-output>
        </test-method> <!-- UpdateTests -->
        <test-method is-config="true" signature="destroy()[pri:0, instance:ASM.testNG.Tests.VideoTest@3c9d0b9d]" started-at="2022-04-25T14:20:51 ICT" name="destroy" finished-at="2022-04-25T14:20:51 ICT" duration-ms="154" status="FAIL">
          <exception class="java.lang.NullPointerException">
            <message>
              <![CDATA[Cannot invoke "java.lang.Integer.intValue()" because the return value of "ASM.testNG.logs.VideoData.getView()" is null]]>
            </message>
            <full-stacktrace>
              <![CDATA[java.lang.NullPointerException: Cannot invoke "java.lang.Integer.intValue()" because the return value of "ASM.testNG.logs.VideoData.getView()" is null
at ASM.testNG.logs.VideoData.writeDataRow(VideoData.java:115)
at ASM.testNG.logs.VideoData.writeLog(VideoData.java:89)
at ASM.testNG.Tests.VideoTest.destroy(VideoTest.java:378)
at java.base/jdk.internal.reflect.NativeMethodAccessorImpl.invoke0(Native Method)
at java.base/jdk.internal.reflect.NativeMethodAccessorImpl.invoke(NativeMethodAccessorImpl.java:78)
at java.base/jdk.internal.reflect.DelegatingMethodAccessorImpl.invoke(DelegatingMethodAccessorImpl.java:43)
at java.base/java.lang.reflect.Method.invoke(Method.java:567)
at org.testng.internal.MethodInvocationHelper.invokeMethod(MethodInvocationHelper.java:133)
at org.testng.internal.MethodInvocationHelper.invokeMethodConsideringTimeout(MethodInvocationHelper.java:62)
at org.testng.internal.ConfigInvoker.invokeConfigurationMethod(ConfigInvoker.java:385)
at org.testng.internal.ConfigInvoker.invokeConfigurations(ConfigInvoker.java:321)
at org.testng.internal.TestMethodWorker.invokeAfterClassMethods(TestMethodWorker.java:217)
at org.testng.internal.TestMethodWorker.run(TestMethodWorker.java:130)
at java.base/java.util.ArrayList.forEach(ArrayList.java:1511)
at org.testng.TestRunner.privateRun(TestRunner.java:794)
at org.testng.TestRunner.run(TestRunner.java:596)
at org.testng.SuiteRunner.runTest(SuiteRunner.java:377)
at org.testng.SuiteRunner.runSequentially(SuiteRunner.java:371)
at org.testng.SuiteRunner.privateRun(SuiteRunner.java:332)
at org.testng.SuiteRunner.run(SuiteRunner.java:276)
at org.testng.SuiteRunnerWorker.runSuite(SuiteRunnerWorker.java:53)
at org.testng.SuiteRunnerWorker.run(SuiteRunnerWorker.java:96)
at org.testng.TestNG.runSuitesSequentially(TestNG.java:1212)
at org.testng.TestNG.runSuitesLocally(TestNG.java:1134)
at org.testng.TestNG.runSuites(TestNG.java:1063)
at org.testng.TestNG.run(TestNG.java:1031)
at org.testng.remote.AbstractRemoteTestNG.run(AbstractRemoteTestNG.java:115)
at org.testng.remote.RemoteTestNG.initAndRun(RemoteTestNG.java:251)
at org.testng.remote.RemoteTestNG.main(RemoteTestNG.java:77)
]]>
            </full-stacktrace>
          </exception> <!-- java.lang.NullPointerException -->
          <reporter-output>
          </reporter-output>
        </test-method> <!-- destroy -->
      </class> <!-- ASM.testNG.Tests.VideoTest -->
    </test> <!-- Default test -->
  </suite> <!-- Default suite -->
</testng-results>
